<?xml version="1.0" encoding="UTF-8"?>
<testsuite name="ChattyBotTest" tests="1" skipped="0" failures="0" errors="0" timestamp="2020-06-10T11:33:56" hostname="ranganath-notebook" time="0.137">
  <properties/>
  <testcase name="start" classname="ChattyBotTest" time="0.137"/>
  <system-out><![CDATA[?[1;31m
Start test 1?[0m
Hello! My name is Ranganath
I was created in 2020
]]></system-out>
  <system-err><![CDATA[]]></system-err>
</testsuite>
